[debug] [2025-04-11T07:50:20.827Z] ----------------------------------------------------------------------
[debug] [2025-04-11T07:50:20.830Z] Command:       /nix/store/ixbb20farqh1f4fqbmsn6b1ixn8mc8ij-nodejs-20.18.1/bin/node /nix/store/b9a1wqzb1vkh5xd2mrp196csvbgv8j13-firebase-tools-14.0.1/lib/node_modules/firebase-tools/lib/bin/firebase.js init hosting
[debug] [2025-04-11T07:50:20.830Z] CLI Version:   14.0.1
[debug] [2025-04-11T07:50:20.830Z] Platform:      linux
[debug] [2025-04-11T07:50:20.830Z] Node Version:  v20.18.1
[debug] [2025-04-11T07:50:20.831Z] Time:          Fri Apr 11 2025 07:50:20 GMT+0000 (Coordinated Universal Time)
[debug] [2025-04-11T07:50:20.831Z] ----------------------------------------------------------------------
[debug] 
[debug] [2025-04-11T07:50:20.838Z] > command requires scopes: ["email","openid","https://www.googleapis.com/auth/cloudplatformprojects.readonly","https://www.googleapis.com/auth/firebase","https://www.googleapis.com/auth/cloud-platform"]
[debug] [2025-04-11T07:50:20.838Z] > authorizing via signed-in user (haidao549@gmail.com)
[info] 
     ######## #### ########  ######## ########     ###     ######  ########
     ##        ##  ##     ## ##       ##     ##  ##   ##  ##       ##
     ######    ##  ########  ######   ########  #########  ######  ######
     ##        ##  ##    ##  ##       ##     ## ##     ##       ## ##
     ##       #### ##     ## ######## ########  ##     ##  ######  ########

You're about to initialize a Firebase project in this directory:

  /home/user/better-auth

[info] 
=== Project Setup
[info] 
[info] First, let's associate this project directory with a Firebase project.
[info] You can create multiple project aliases by running firebase use --add, 
[info] but for now we'll just set up a default project.
[info] 
[info] i  If you want to create a project in a Google Cloud organization or folder, please use "firebase projects:create" instead, and return to this command when you've created the project. 
[debug] [2025-04-11T07:50:37.663Z] Checked if tokens are valid: true, expires at: 1744361375135
[debug] [2025-04-11T07:50:37.663Z] Checked if tokens are valid: true, expires at: 1744361375135
[debug] [2025-04-11T07:50:37.666Z] >>> [apiv2][query] POST https://cloudresourcemanager.googleapis.com/v1/projects [none]
[debug] [2025-04-11T07:50:37.666Z] >>> [apiv2][body] POST https://cloudresourcemanager.googleapis.com/v1/projects {"projectId":"better-auth","name":"better-auth"}
[debug] [2025-04-11T07:50:38.634Z] <<< [apiv2][status] POST https://cloudresourcemanager.googleapis.com/v1/projects 409
[debug] [2025-04-11T07:50:38.634Z] <<< [apiv2][body] POST https://cloudresourcemanager.googleapis.com/v1/projects {"error":{"code":409,"message":"Requested entity already exists","status":"ALREADY_EXISTS"}}
[debug] [2025-04-11T07:50:38.671Z] FirebaseError: Request to https://cloudresourcemanager.googleapis.com/v1/projects had HTTP Error: 409, Requested entity already exists
    at responseToError (/nix/store/b9a1wqzb1vkh5xd2mrp196csvbgv8j13-firebase-tools-14.0.1/lib/node_modules/firebase-tools/lib/responseToError.js:52:12)
    at RetryOperation._fn (/nix/store/b9a1wqzb1vkh5xd2mrp196csvbgv8j13-firebase-tools-14.0.1/lib/node_modules/firebase-tools/lib/apiv2.js:312:77)
    at process.processTicksAndRejections (node:internal/process/task_queues:95:5)
[error] 
[error] Error: Failed to create project because there is already a project with ID better-auth. Please try again with a unique project ID.
